# JRE version: OpenJDK Runtime Environment (11.0.1+13) (build 11.0.1+13)
# Java VM: OpenJDK 64-Bit Server VM (11.0.1+13, mixed mode, tiered, compressed oops, g1 gc, windows-amd64)
Heap:
 garbage-first heap   total 150528K, used 139797K [0x00000000e0000000, 0x0000000100000000)
  region size 1024K, 11 young (11264K), 1 survivors (1024K)
 Metaspace       used 84879K, capacity 87202K, committed 87424K, reserved 331776K
  class space    used 10383K, capacity 11121K, committed 11136K, reserved 253952K
GC Heap History (10 events):
Event: 9642.728 GC heap before
{Heap before GC invocations=228 (full 0):
 garbage-first heap   total 109568K, used 91684K [0x00000000e0000000, 0x0000000100000000)
  region size 1024K, 3 young (3072K), 1 survivors (1024K)
 Metaspace       used 84440K, capacity 86593K, committed 86912K, reserved 329728K
  class space    used 10327K, capacity 11029K, committed 11136K, reserved 253952K
}
Event: 9642.733 GC heap after
{Heap after GC invocations=229 (full 0):
 garbage-first heap   total 109568K, used 56941K [0x00000000e0000000, 0x0000000100000000)
  region size 1024K, 1 young (1024K), 1 survivors (1024K)
 Metaspace       used 84440K, capacity 86593K, committed 86912K, reserved 329728K
  class space    used 10327K, capacity 11029K, committed 11136K, reserved 253952K
}
Event: 9724.338 GC heap before
{Heap before GC invocations=229 (full 0):
 garbage-first heap   total 109568K, used 76397K [0x00000000e0000000, 0x0000000100000000)
  region size 1024K, 21 young (21504K), 1 survivors (1024K)
 Metaspace       used 84842K, capacity 87204K, committed 87424K, reserved 331776K
  class space    used 10383K, capacity 11127K, committed 11136K, reserved 253952K
}
Event: 9724.350 GC heap after
{Heap after GC invocations=230 (full 0):
 garbage-first heap   total 109568K, used 58307K [0x00000000e0000000, 0x0000000100000000)
  region size 1024K, 2 young (2048K), 2 survivors (2048K)
 Metaspace       used 84842K, capacity 87204K, committed 87424K, reserved 331776K
  class space    used 10383K, capacity 11127K, committed 11136K, reserved 253952K
}
Event: 9729.288 GC heap before
{Heap before GC invocations=231 (full 0):
 garbage-first heap   total 142336K, used 112579K [0x00000000e0000000, 0x0000000100000000)
  region size 1024K, 23 young (23552K), 2 survivors (2048K)
 Metaspace       used 84864K, capacity 87193K, committed 87424K, reserved 331776K
  class space    used 10382K, capacity 11118K, committed 11136K, reserved 253952K
}
Event: 9729.300 GC heap after
{Heap after GC invocations=232 (full 0):
 garbage-first heap   total 142336K, used 59053K [0x00000000e0000000, 0x0000000100000000)
  region size 1024K, 3 young (3072K), 3 survivors (3072K)
 Metaspace       used 84864K, capacity 87193K, committed 87424K, reserved 331776K
  class space    used 10382K, capacity 11118K, committed 11136K, reserved 253952K
}
Event: 9729.740 GC heap before
{Heap before GC invocations=232 (full 0):
 garbage-first heap   total 142336K, used 61101K [0x00000000e0000000, 0x0000000100000000)
  region size 1024K, 6 young (6144K), 3 survivors (3072K)
 Metaspace       used 84876K, capacity 87199K, committed 87424K, reserved 331776K
  class space    used 10383K, capacity 11120K, committed 11136K, reserved 253952K
}
Event: 9729.750 GC heap after
{Heap after GC invocations=233 (full 0):
 garbage-first heap   total 142336K, used 59140K [0x00000000e0000000, 0x0000000100000000)
  region size 1024K, 1 young (1024K), 1 survivors (1024K)
 Metaspace       used 84876K, capacity 87199K, committed 87424K, reserved 331776K
  class space    used 10383K, capacity 11120K, committed 11136K, reserved 253952K
}
Event: 9730.358 GC heap before
{Heap before GC invocations=233 (full 0):
 garbage-first heap   total 142336K, used 61188K [0x00000000e0000000, 0x0000000100000000)
  region size 1024K, 5 young (5120K), 1 survivors (1024K)
 Metaspace       used 84877K, capacity 87199K, committed 87424K, reserved 331776K
  class space    used 10383K, capacity 11120K, committed 11136K, reserved 253952K
}
Event: 9730.364 GC heap after
{Heap after GC invocations=234 (full 0):
 garbage-first heap   total 142336K, used 58901K [0x00000000e0000000, 0x0000000100000000)
  region size 1024K, 1 young (1024K), 1 survivors (1024K)
 Metaspace       used 84877K, capacity 87199K, committed 87424K, reserved 331776K
  class space    used 10383K, capacity 11120K, committed 11136K, reserved 253952K
}

